<?xml version="1.0" encoding="UTF-8" ?>
<testsuites>
  <testsuite errors="0" failures="1" hostname="Niuyl-PC-ubuntu" id="0" name="arithTest" package="" skipped="0" tests="1" time="0.092" timestamp="2016-07-29T02:32:53">
      <properties>
[...]
</properties>

      <testcase classname="arithTest" name="testadd" time="0.021">
          <failure message="Use assertEquals(expected, actual, delta) to compare floating-point numbers" type="junit.framework.AssertionFailedError">junit.framework.AssertionFailedError: Use assertEquals(expected, actual, delta) to compare floating-point numbers
	at arithTest.testadd(arithTest.java:12)
</failure>

      </testcase>

      <system-out />

      <system-err />

  </testsuite>
</testsuites>
