<?xml version="1.0" encoding="UTF-8" ?>
<testsuites>
  <testsuite errors="0" failures="1" hostname="Niuyl-PC-ubuntu" id="0" name="myfuncTest" package="" skipped="0" tests="7" time="0.077" timestamp="2016-08-03T15:19:42">
      <properties>
[...]
</properties>

      <testcase classname="myfuncTest" name="test1" time="0.004" />

      <testcase classname="myfuncTest" name="test2" time="0.0" />

      <testcase classname="myfuncTest" name="test3" time="0.01">
          <failure message="expected:&lt;-3.0&gt; but was:&lt;1.0&gt;" type="junit.framework.AssertionFailedError">junit.framework.AssertionFailedError: expected:&lt;-3.0&gt; but was:&lt;1.0&gt;
	at myfuncTest.test3(myfuncTest.java:26)
</failure>

      </testcase>

      <testcase classname="myfuncTest" name="test4" time="0.0" />

      <testcase classname="myfuncTest" name="test5" time="0.0" />

      <testcase classname="myfuncTest" name="test6" time="0.0" />

      <testcase classname="myfuncTest" name="test7" time="0.0" />

      <system-out />

      <system-err />

  </testsuite>
</testsuites>
