<?xml version="1.0" encoding="UTF-8" ?>
<testsuite errors="0" failures="0" hostname="railgun" name="minmaxTest" skipped="0" tests="6" time="0.21" timestamp="2016-08-15T13:43:43">
  <properties>
[...]
</properties>
  <testcase classname="minmaxTest" name="test_abc" time="0.003" />
  <testcase classname="minmaxTest" name="test_acb" time="0.001" />
  <testcase classname="minmaxTest" name="test_bac" time="0.0" />
  <testcase classname="minmaxTest" name="test_bca" time="0.0" />
  <testcase classname="minmaxTest" name="test_cab" time="0.0" />
  <testcase classname="minmaxTest" name="test_cba" time="0.0" />
  <system-out><![CDATA[]]></system-out>
  <system-err><![CDATA[]]></system-err>
</testsuite>
